This is e-pTeX, Version 3.1415926-p3.4-110825-2.6 (sjis) (TeX Live 2013/W32TeX) (format=platex 2016.10.12)  13 JUN 2017 14:18
entering extended mode
 restricted \write18 enabled.
 %&-line parsing enabled.
**report.tex
(./report.tex
pLaTeX2e <2006/11/10> (based on LaTeX2e <2011/06/27> patch level 0)
Babel <3.9f> and hyphenation patterns for 78 languages loaded.
(c:/texlive/2013/texmf-dist/tex/platex/base/jarticle.cls
Document Class: jarticle 2006/06/27 v1.6 Standard pLaTeX class
\c@@paper=\count81
(c:/texlive/2013/texmf-dist/tex/platex/base/jsize10.clo
File: jsize10.clo 2006/06/27 v1.6 Standard pLaTeX file (size option)
)
\c@part=\count82
\c@section=\count83
\c@subsection=\count84
\c@subsubsection=\count85
\c@paragraph=\count86
\c@subparagraph=\count87
\c@figure=\count88
\c@table=\count89
\abovecaptionskip=\skip41
\belowcaptionskip=\skip42
\symmincho=\mathgroup4
LaTeX Font Info:    Overwriting symbol font `mincho' in version `bold'
(Font)                  JY1/mc/m/n --> JY1/gt/m/n on input line 601.
\toclineskip=\dimen118
\@lnumwidth=\dimen119
\bibindent=\dimen120
\heisei=\count90
)
(c:/texlive/2013/texmf-dist/tex/latex/amsmath/amsmath.sty
Package: amsmath 2013/01/14 v2.14 AMS math features
\@mathmargin=\skip43

For additional information on amsmath, use the `?' option.
(c:/texlive/2013/texmf-dist/tex/latex/amsmath/amstext.sty
Package: amstext 2000/06/29 v2.01

(c:/texlive/2013/texmf-dist/tex/latex/amsmath/amsgen.sty
File: amsgen.sty 1999/11/30 v2.0
\@emptytoks=\toks15
\ex@=\dimen121
))
(c:/texlive/2013/texmf-dist/tex/latex/amsmath/amsbsy.sty
Package: amsbsy 1999/11/29 v1.2d
\pmbraise@=\dimen122
)
(c:/texlive/2013/texmf-dist/tex/latex/amsmath/amsopn.sty
Package: amsopn 1999/12/14 v2.01 operator names
)
\inf@bad=\count91
LaTeX Info: Redefining \frac on input line 210.
\uproot@=\count92
\leftroot@=\count93
LaTeX Info: Redefining \overline on input line 306.
\classnum@=\count94
\DOTSCASE@=\count95
LaTeX Info: Redefining \ldots on input line 378.
LaTeX Info: Redefining \dots on input line 381.
LaTeX Info: Redefining \cdots on input line 466.
\Mathstrutbox@=\box41
\strutbox@=\box42
\big@size=\dimen123
LaTeX Font Info:    Redeclaring font encoding OML on input line 566.
LaTeX Font Info:    Redeclaring font encoding OMS on input line 567.
\macc@depth=\count96
\c@MaxMatrixCols=\count97
\dotsspace@=\muskip10
\c@parentequation=\count98
\dspbrk@lvl=\count99
\tag@help=\toks16
\row@=\count100
\column@=\count101
\maxfields@=\count102
\andhelp@=\toks17
\eqnshift@=\dimen124
\alignsep@=\dimen125
\tagshift@=\dimen126
\tagwidth@=\dimen127
\totwidth@=\dimen128
\lineht@=\dimen129
\@envbody=\toks18
\multlinegap=\skip44
\multlinetaggap=\skip45
\mathdisplay@stack=\toks19
LaTeX Info: Redefining \[ on input line 2665.
LaTeX Info: Redefining \] on input line 2666.
)
(c:/texlive/2013/texmf-dist/tex/latex/tools/array.sty
Package: array 2008/09/09 v2.4c Tabular extension package (FMi)
\col@sep=\dimen130
\extrarowheight=\dimen131
\NC@list=\toks20
\extratabsurround=\skip46
\backup@length=\skip47
)
(c:/texlive/2013/texmf-dist/tex/latex/tools/longtable.sty
Package: longtable 2004/02/01 v4.11 Multi-page Table package (DPC)
\LTleft=\skip48
\LTright=\skip49
\LTpre=\skip50
\LTpost=\skip51
\LTchunksize=\count103
\LTcapwidth=\dimen132
\LT@head=\box43
\LT@firsthead=\box44
\LT@foot=\box45
\LT@lastfoot=\box46
\LT@cols=\count104
\LT@rows=\count105
\c@LT@tables=\count106
\c@LT@chunks=\count107
\LT@p@ftn=\toks21
)
(c:/texlive/2013/texmf-dist/tex/latex/graphics/graphicx.sty
Package: graphicx 1999/02/16 v1.0f Enhanced LaTeX Graphics (DPC,SPQR)

(c:/texlive/2013/texmf-dist/tex/latex/graphics/keyval.sty
Package: keyval 1999/03/16 v1.13 key=value parser (DPC)
\KV@toks@=\toks22
)
(c:/texlive/2013/texmf-dist/tex/latex/graphics/graphics.sty
Package: graphics 2009/02/05 v1.0o Standard LaTeX Graphics (DPC,SPQR)

(c:/texlive/2013/texmf-dist/tex/latex/graphics/trig.sty
Package: trig 1999/03/16 v1.09 sin cos tan (DPC)
)
(c:/texlive/2013/texmf-dist/tex/latex/latexconfig/graphics.cfg
File: graphics.cfg 2010/04/23 v1.9 graphics configuration of TeX Live
)
Package graphics Info: Driver file: dvipdfmx.def on input line 91.

(c:/texlive/2013/texmf-dist/tex/latex/dvipdfmx-def/dvipdfmx.def
File: dvipdfmx.def 2013/09/21 v3.3 LaTeX graphics driver for dvipdfmx (TeX Live
/ChoF)
))
\Gin@req@height=\dimen133
\Gin@req@width=\dimen134
)
(c:/texlive/2013/texmf-dist/tex/latex/float/float.sty
Package: float 2001/11/08 v1.3d Float enhancements (AL)
\c@float@type=\count108
\float@exts=\toks23
\float@box=\box47
\@float@everytoks=\toks24
\@floatcapt=\box48
)
(c:/texlive/2013/texmf-dist/tex/latex/geometry/geometry.sty
Package: geometry 2010/09/12 v5.6 Page Geometry

(c:/texlive/2013/texmf-dist/tex/generic/oberdiek/ifpdf.sty
Package: ifpdf 2011/01/30 v2.3 Provides the ifpdf switch (HO)
Package ifpdf Info: pdfTeX in PDF mode is not detected.
)
(c:/texlive/2013/texmf-dist/tex/generic/oberdiek/ifvtex.sty
Package: ifvtex 2010/03/01 v1.5 Detect VTeX and its facilities (HO)
Package ifvtex Info: VTeX not detected.
)
(c:/texlive/2013/texmf-dist/tex/generic/ifxetex/ifxetex.sty
Package: ifxetex 2010/09/12 v0.6 Provides ifxetex conditional
)
\Gm@cnth=\count109
\Gm@cntv=\count110
\c@Gm@tempcnt=\count111
\Gm@bindingoffset=\dimen135
\Gm@wd@mp=\dimen136
\Gm@odd@mp=\dimen137
\Gm@even@mp=\dimen138
\Gm@layoutwidth=\dimen139
\Gm@layoutheight=\dimen140
\Gm@layouthoffset=\dimen141
\Gm@layoutvoffset=\dimen142
\Gm@dimlist=\toks25
) (./report.aux)
\openout1 = `report.aux'.

LaTeX Font Info:    Checking defaults for OML/cmm/m/it on input line 13.
LaTeX Font Info:    ... okay on input line 13.
LaTeX Font Info:    Checking defaults for T1/cmr/m/n on input line 13.
LaTeX Font Info:    ... okay on input line 13.
LaTeX Font Info:    Checking defaults for OT1/cmr/m/n on input line 13.
LaTeX Font Info:    ... okay on input line 13.
LaTeX Font Info:    Checking defaults for OMS/cmsy/m/n on input line 13.
LaTeX Font Info:    ... okay on input line 13.
LaTeX Font Info:    Checking defaults for OMX/cmex/m/n on input line 13.
LaTeX Font Info:    ... okay on input line 13.
LaTeX Font Info:    Checking defaults for U/cmr/m/n on input line 13.
LaTeX Font Info:    ... okay on input line 13.
LaTeX Font Info:    Checking defaults for JY1/mc/m/n on input line 13.
LaTeX Font Info:    ... okay on input line 13.
LaTeX Font Info:    Checking defaults for JT1/mc/m/n on input line 13.
LaTeX Font Info:    ... okay on input line 13.

*geometry* driver: auto-detecting
*geometry* detected driver: dvips
*geometry* verbose mode - [ preamble ] result:
* driver: dvips
* paper: <default>
* layout: <same size as paper>
* layoutoffset:(h,v)=(0.0pt,0.0pt)
* modes: truedimen 
* h-part:(L,W,R)=(71.13188pt, 455.24411pt, 71.13188pt)
* v-part:(T,H,B)=(71.13188pt, 702.78308pt, 71.13188pt)
* \paperwidth=597.50787pt
* \paperheight=845.04684pt
* \textwidth=455.24411pt
* \textheight=702.78308pt
* \oddsidemargin=-1.1381pt
* \evensidemargin=-1.1381pt
* \topmargin=-38.1381pt
* \headheight=12.0pt
* \headsep=25.0pt
* \topskip=7.77588pt
* \footskip=30.0pt
* \marginparwidth=106.0pt
* \marginparsep=10.0pt
* \columnsep=10.0pt
* \skip\footins=9.0pt plus 4.0pt minus 2.0pt
* \hoffset=0.0pt
* \voffset=0.0pt
* \mag=1000
* \@twocolumnfalse
* \@twosidefalse
* \@mparswitchfalse
* \@reversemarginfalse
* (1in=72.27pt=25.4mm, 1cm=28.453pt)

LaTeX Font Info:    Font shape `JT1/mc/bx/n' in size <14.4> not available
(Font)              Font shape `JT1/gt/m/n' tried instead on input line 25.
LaTeX Font Info:    Font shape `JY1/mc/bx/n' in size <14.4> not available
(Font)              Font shape `JY1/gt/m/n' tried instead on input line 25.
LaTeX Font Info:    Font shape `JT1/mc/bx/n' in size <12> not available
(Font)              Font shape `JT1/gt/m/n' tried instead on input line 27.
LaTeX Font Info:    Font shape `JY1/mc/bx/n' in size <12> not available
(Font)              Font shape `JY1/gt/m/n' tried instead on input line 27.
[1

]
File: image/integral_circuit_1.png Graphic file (type bmp)
 <image/integral_circuit_1.png>
File: image/integral_circuit_2.png Graphic file (type bmp)
 <image/integral_circuit_2.png> [2]
File: integral_circuit.eps Graphic file (type eps)

<integral_circuit.eps> [3]
File: image/integral_circuit_phase_1.eps Graphic file (type eps)
 <image/integral_circuit_phase_1.eps> [4]
File: image/integral_circuit_2.eps Graphic file (type eps)

<image/integral_circuit_2.eps> [5]
File: image/integral_circuit_phase_2.eps Graphic file (type eps)
 <image/integral_circuit_phase_2.eps>
[6]
File: image/diff_circuit.eps Graphic file (type eps)
 <image/diff_circuit.eps> [7]
File: image/diff_circuit_phase.eps Graphic file (type eps)
 <image/diff_circuit_phase.eps> [8] [9]
File: image/resonance_circuit.png Graphic file (type bmp)

<image/resonance_circuit.png> [10

]
File: program/ex_5/reso_amp.eps Graphic file (type eps)
 <program/ex_5/reso_amp.eps> [11]
File: program/ex_5/reso_phase.eps Graphic file (type eps)

<program/ex_5/reso_phase.eps> [12] [13



]

LaTeX Warning: File `hoge.eps' not found on input line 257.


! LaTeX Error: File `hoge.eps' not found.

See the LaTeX manual or LaTeX Companion for explanation.
Type  H <return>  for immediate help.
 ...                                              
                                                  
l.257  \includegraphics[width=16cm]{hoge.eps}
                                             
? 

! LaTeX Error: Cannot determine size of graphic in hoge.eps (no BoundingBox).

See the LaTeX manual or LaTeX Companion for explanation.
Type  H <return>  for immediate help.
 ...                                              
                                                  
l.257  \includegraphics[width=16cm]{hoge.eps}
                                             
? 
File: hoge.eps Graphic file (type eps)
<hoge.eps> [14]

LaTeX Warning: File `hoge.eps' not found on input line 268.


! LaTeX Error: File `hoge.eps' not found.

See the LaTeX manual or LaTeX Companion for explanation.
Type  H <return>  for immediate help.
 ...                                              
                                                  
l.268  \includegraphics[width=16cm]{hoge.eps}
                                             
? 

! LaTeX Error: Cannot determine size of graphic in hoge.eps (no BoundingBox).

See the LaTeX manual or LaTeX Companion for explanation.
Type  H <return>  for immediate help.
 ...                                              
                                                  
l.268  \includegraphics[width=16cm]{hoge.eps}
                                             
? 
File: hoge.eps Graphic file (type eps)
<hoge.eps> [15] [16



]

LaTeX Warning: File `hoge.eps' not found on input line 309.


! LaTeX Error: File `hoge.eps' not found.

See the LaTeX manual or LaTeX Companion for explanation.
Type  H <return>  for immediate help.
 ...                                              
                                                  
l.309  \includegraphics[width=16cm]{hoge.eps}
                                             
? 

! LaTeX Error: Cannot determine size of graphic in hoge.eps (no BoundingBox).

See the LaTeX manual or LaTeX Companion for explanation.
Type  H <return>  for immediate help.
 ...                                              
                                                  
l.309  \includegraphics[width=16cm]{hoge.eps}
                                             
? 
File: hoge.eps Graphic file (type eps)
<hoge.eps> [17]
! Missing $ inserted.
<inserted text> 
                $
l.326 測定値から計算した電流の値とV_
                                    0の値をグラフにして表した。
? 
! Missing $ inserted.
<inserted text> 
                $
l.329 
      
? 
File: image/diode.png Graphic file (type bmp)
<image/diode.png> [18


]

LaTeX Warning: File `hoge.eps' not found on input line 349.


! LaTeX Error: File `hoge.eps' not found.

See the LaTeX manual or LaTeX Companion for explanation.
Type  H <return>  for immediate help.
 ...                                              
                                                  
l.349  \includegraphics[width=16cm]{hoge.eps}
                                             
? 

! LaTeX Error: Cannot determine size of graphic in hoge.eps (no BoundingBox).

See the LaTeX manual or LaTeX Companion for explanation.
Type  H <return>  for immediate help.
 ...                                              
                                                  
l.349  \includegraphics[width=16cm]{hoge.eps}
                                             
? 
File: hoge.eps Graphic file (type eps)
<hoge.eps> [19]

LaTeX Warning: File `hoge.eps' not found on input line 360.


! LaTeX Error: File `hoge.eps' not found.

See the LaTeX manual or LaTeX Companion for explanation.
Type  H <return>  for immediate help.
 ...                                              
                                                  
l.360  \includegraphics[width=16cm]{hoge.eps}
                                             
? 

! LaTeX Error: Cannot determine size of graphic in hoge.eps (no BoundingBox).

See the LaTeX manual or LaTeX Companion for explanation.
Type  H <return>  for immediate help.
 ...                                              
                                                  
l.360  \includegraphics[width=16cm]{hoge.eps}
                                             
? 
File: hoge.eps Graphic file (type eps)
<hoge.eps> [20]
File: image/transistor_be.png Graphic file (type bmp)
 <image/transistor_be.png>
File: image/transistor_bc.png Graphic file (type bmp)
 <image/transistor_bc.png> [21



]
[22]

LaTeX Warning: File `hoge.eps' not found on input line 408.


! LaTeX Error: File `hoge.eps' not found.

See the LaTeX manual or LaTeX Companion for explanation.
Type  H <return>  for immediate help.
 ...                                              
                                                  
l.408  \includegraphics[width=16cm]{hoge.eps}
                                             
? 

! LaTeX Error: Cannot determine size of graphic in hoge.eps (no BoundingBox).

See the LaTeX manual or LaTeX Companion for explanation.
Type  H <return>  for immediate help.
 ...                                              
                                                  
l.408  \includegraphics[width=16cm]{hoge.eps}
                                             
? 
File: hoge.eps Graphic file (type eps)
<hoge.eps> [23]

LaTeX Warning: File `hoge.eps' not found on input line 419.


! LaTeX Error: File `hoge.eps' not found.

See the LaTeX manual or LaTeX Companion for explanation.
Type  H <return>  for immediate help.
 ...                                              
                                                  
l.419  \includegraphics[width=16cm]{hoge.eps}
                                             
? 

! LaTeX Error: Cannot determine size of graphic in hoge.eps (no BoundingBox).

See the LaTeX manual or LaTeX Companion for explanation.
Type  H <return>  for immediate help.
 ...                                              
                                                  
l.419  \includegraphics[width=16cm]{hoge.eps}
                                             
? 
File: hoge.eps Graphic file (type eps)
<hoge.eps> [24]
File: image/switching.png Graphic file (type bmp)
 <image/switching.png>
! Missing $ inserted.
<inserted text> 
                $
l.447 ...タ電位$V_E、コレクタ電位$W$を測定し、$V_
                                                 B-V_EとW$の関係をグラフにした
? 
[25



]

LaTeX Warning: File `hoge.eps' not found on input line 459.


! LaTeX Error: File `hoge.eps' not found.

See the LaTeX manual or LaTeX Companion for explanation.
Type  H <return>  for immediate help.
 ...                                              
                                                  
l.459  \includegraphics[width=16cm]{hoge.eps}
                                             
? 

! LaTeX Error: Cannot determine size of graphic in hoge.eps (no BoundingBox).

See the LaTeX manual or LaTeX Companion for explanation.
Type  H <return>  for immediate help.
 ...                                              
                                                  
l.459  \includegraphics[width=16cm]{hoge.eps}
                                             
? 
File: hoge.eps Graphic file (type eps)
<hoge.eps> [26]
File: image/amp.png Graphic file (type bmp)
 <image/amp.png> [27


]

LaTeX Warning: File `hoge.eps' not found on input line 499.


! LaTeX Error: File `hoge.eps' not found.

See the LaTeX manual or LaTeX Companion for explanation.
Type  H <return>  for immediate help.
 ...                                              
                                                  
l.499  \includegraphics[width=16cm]{hoge.eps}
                                             
? 

! LaTeX Error: Cannot determine size of graphic in hoge.eps (no BoundingBox).

See the LaTeX manual or LaTeX Companion for explanation.
Type  H <return>  for immediate help.
 ...                                              
                                                  
l.499  \includegraphics[width=16cm]{hoge.eps}
                                             
? 
File: hoge.eps Graphic file (type eps)
<hoge.eps> [28]

LaTeX Warning: File `hoge.eps' not found on input line 509.


! LaTeX Error: File `hoge.eps' not found.

See the LaTeX manual or LaTeX Companion for explanation.
Type  H <return>  for immediate help.
 ...                                              
                                                  
l.509  \includegraphics[width=16cm]{hoge.eps}
                                             
? 

! LaTeX Error: Cannot determine size of graphic in hoge.eps (no BoundingBox).

See the LaTeX manual or LaTeX Companion for explanation.
Type  H <return>  for immediate help.
 ...                                              
                                                  
l.509  \includegraphics[width=16cm]{hoge.eps}
                                             
? 
File: hoge.eps Graphic file (type eps)
<hoge.eps> [29]
File: image/amp_ap.png Graphic file (type bmp)
 <image/amp_ap.png> [30



]

LaTeX Warning: File `hoge.eps' not found on input line 549.


! LaTeX Error: File `hoge.eps' not found.

See the LaTeX manual or LaTeX Companion for explanation.
Type  H <return>  for immediate help.
 ...                                              
                                                  
l.549  \includegraphics[width=16cm]{hoge.eps}
                                             
? 

! LaTeX Error: Cannot determine size of graphic in hoge.eps (no BoundingBox).

See the LaTeX manual or LaTeX Companion for explanation.
Type  H <return>  for immediate help.
 ...                                              
                                                  
l.549  \includegraphics[width=16cm]{hoge.eps}
                                             
? 
File: hoge.eps Graphic file (type eps)
<hoge.eps> [31]
File: image/opamp_1.png Graphic file (type bmp)
 <image/opamp_1.png>
File: image/opamp_2.png Graphic file (type bmp)
 <image/opamp_2.png> [32


]
File: image/opamp_3.png Graphic file (type bmp)

<image/opamp_3.png> [33] [34]

LaTeX Warning: File `hoge.eps' not found on input line 599.


! LaTeX Error: File `hoge.eps' not found.

See the LaTeX manual or LaTeX Companion for explanation.
Type  H <return>  for immediate help.
 ...                                              
                                                  
l.599  \includegraphics[width=16cm]{hoge.eps}
                                             
? 

! LaTeX Error: Cannot determine size of graphic in hoge.eps (no BoundingBox).

See the LaTeX manual or LaTeX Companion for explanation.
Type  H <return>  for immediate help.
 ...                                              
                                                  
l.599  \includegraphics[width=16cm]{hoge.eps}
                                             
? 
File: hoge.eps Graphic file (type eps)
<hoge.eps> [35]
File: image/schmidt.png Graphic file (type bmp)
 <image/schmidt.png>
File: image/solar.png Graphic file (type bmp)
 <image/solar.png> [36


]
File: image/vib.png Graphic file (type bmp)
 <image/vib.png>
[37]
LaTeX Font Info:    Font shape `JT1/mc/bx/n' in size <10> not available
(Font)              Font shape `JT1/gt/m/n' tried instead on input line 687.
LaTeX Font Info:    Font shape `JY1/mc/bx/n' in size <10> not available
(Font)              Font shape `JY1/gt/m/n' tried instead on input line 687.
 [38]

LaTeX Warning: File `hoge.eps' not found on input line 701.


! LaTeX Error: File `hoge.eps' not found.

See the LaTeX manual or LaTeX Companion for explanation.
Type  H <return>  for immediate help.
 ...                                              
                                                  
l.701  \includegraphics[width=16cm]{hoge.eps}
                                             
? 

! LaTeX Error: Cannot determine size of graphic in hoge.eps (no BoundingBox).

See the LaTeX manual or LaTeX Companion for explanation.
Type  H <return>  for immediate help.
 ...                                              
                                                  
l.701  \includegraphics[width=16cm]{hoge.eps}
                                             
? 
File: hoge.eps Graphic file (type eps)
<hoge.eps> [39] (./report.aux) ) 
Here is how much of TeX's memory you used:
 1958 strings out of 494004
 24484 string characters out of 6157310
 95592 words of memory out of 5000000
 5398 multiletter control sequences out of 15000+600000
 14844 words of font info for 58 fonts, out of 8000000 for 9000
 745 hyphenation exceptions out of 8191
 27i,6n,32p,305b,317s stack positions out of 5000i,500n,10000p,200000b,80000s

Output written on report.dvi (39 pages, 22700 bytes).
