This is e-pTeX, Version 3.1415926-p3.4-110825-2.6 (sjis) (TeX Live 2013/W32TeX) (format=platex 2016.10.12)  8 MAY 2017 00:57
entering extended mode
 restricted \write18 enabled.
 %&-line parsing enabled.
**report.tex
(./report.tex
pLaTeX2e <2006/11/10> (based on LaTeX2e <2011/06/27> patch level 0)
Babel <3.9f> and hyphenation patterns for 78 languages loaded.
(c:/texlive/2013/texmf-dist/tex/platex/base/jarticle.cls
Document Class: jarticle 2006/06/27 v1.6 Standard pLaTeX class
\c@@paper=\count81
(c:/texlive/2013/texmf-dist/tex/platex/base/jsize10.clo
File: jsize10.clo 2006/06/27 v1.6 Standard pLaTeX file (size option)
)
\c@part=\count82
\c@section=\count83
\c@subsection=\count84
\c@subsubsection=\count85
\c@paragraph=\count86
\c@subparagraph=\count87
\c@figure=\count88
\c@table=\count89
\abovecaptionskip=\skip41
\belowcaptionskip=\skip42
\symmincho=\mathgroup4
LaTeX Font Info:    Overwriting symbol font `mincho' in version `bold'
(Font)                  JY1/mc/m/n --> JY1/gt/m/n on input line 601.
\toclineskip=\dimen118
\@lnumwidth=\dimen119
\bibindent=\dimen120
\heisei=\count90
)
(c:/texlive/2013/texmf-dist/tex/latex/amsmath/amsmath.sty
Package: amsmath 2013/01/14 v2.14 AMS math features
\@mathmargin=\skip43

For additional information on amsmath, use the `?' option.
(c:/texlive/2013/texmf-dist/tex/latex/amsmath/amstext.sty
Package: amstext 2000/06/29 v2.01

(c:/texlive/2013/texmf-dist/tex/latex/amsmath/amsgen.sty
File: amsgen.sty 1999/11/30 v2.0
\@emptytoks=\toks15
\ex@=\dimen121
))
(c:/texlive/2013/texmf-dist/tex/latex/amsmath/amsbsy.sty
Package: amsbsy 1999/11/29 v1.2d
\pmbraise@=\dimen122
)
(c:/texlive/2013/texmf-dist/tex/latex/amsmath/amsopn.sty
Package: amsopn 1999/12/14 v2.01 operator names
)
\inf@bad=\count91
LaTeX Info: Redefining \frac on input line 210.
\uproot@=\count92
\leftroot@=\count93
LaTeX Info: Redefining \overline on input line 306.
\classnum@=\count94
\DOTSCASE@=\count95
LaTeX Info: Redefining \ldots on input line 378.
LaTeX Info: Redefining \dots on input line 381.
LaTeX Info: Redefining \cdots on input line 466.
\Mathstrutbox@=\box41
\strutbox@=\box42
\big@size=\dimen123
LaTeX Font Info:    Redeclaring font encoding OML on input line 566.
LaTeX Font Info:    Redeclaring font encoding OMS on input line 567.
\macc@depth=\count96
\c@MaxMatrixCols=\count97
\dotsspace@=\muskip10
\c@parentequation=\count98
\dspbrk@lvl=\count99
\tag@help=\toks16
\row@=\count100
\column@=\count101
\maxfields@=\count102
\andhelp@=\toks17
\eqnshift@=\dimen124
\alignsep@=\dimen125
\tagshift@=\dimen126
\tagwidth@=\dimen127
\totwidth@=\dimen128
\lineht@=\dimen129
\@envbody=\toks18
\multlinegap=\skip44
\multlinetaggap=\skip45
\mathdisplay@stack=\toks19
LaTeX Info: Redefining \[ on input line 2665.
LaTeX Info: Redefining \] on input line 2666.
)
(c:/texlive/2013/texmf-dist/tex/latex/tools/array.sty
Package: array 2008/09/09 v2.4c Tabular extension package (FMi)
\col@sep=\dimen130
\extrarowheight=\dimen131
\NC@list=\toks20
\extratabsurround=\skip46
\backup@length=\skip47
)
(c:/texlive/2013/texmf-dist/tex/latex/tools/longtable.sty
Package: longtable 2004/02/01 v4.11 Multi-page Table package (DPC)
\LTleft=\skip48
\LTright=\skip49
\LTpre=\skip50
\LTpost=\skip51
\LTchunksize=\count103
\LTcapwidth=\dimen132
\LT@head=\box43
\LT@firsthead=\box44
\LT@foot=\box45
\LT@lastfoot=\box46
\LT@cols=\count104
\LT@rows=\count105
\c@LT@tables=\count106
\c@LT@chunks=\count107
\LT@p@ftn=\toks21
)
(c:/texlive/2013/texmf-dist/tex/latex/graphics/graphicx.sty
Package: graphicx 1999/02/16 v1.0f Enhanced LaTeX Graphics (DPC,SPQR)

(c:/texlive/2013/texmf-dist/tex/latex/graphics/keyval.sty
Package: keyval 1999/03/16 v1.13 key=value parser (DPC)
\KV@toks@=\toks22
)
(c:/texlive/2013/texmf-dist/tex/latex/graphics/graphics.sty
Package: graphics 2009/02/05 v1.0o Standard LaTeX Graphics (DPC,SPQR)

(c:/texlive/2013/texmf-dist/tex/latex/graphics/trig.sty
Package: trig 1999/03/16 v1.09 sin cos tan (DPC)
)
(c:/texlive/2013/texmf-dist/tex/latex/latexconfig/graphics.cfg
File: graphics.cfg 2010/04/23 v1.9 graphics configuration of TeX Live
)
Package graphics Info: Driver file: dvips.def on input line 91.

(c:/texlive/2013/texmf-dist/tex/latex/graphics/dvips.def
File: dvips.def 1999/02/16 v3.0i Driver-dependant file (DPC,SPQR)
))
\Gin@req@height=\dimen133
\Gin@req@width=\dimen134
)
(c:/texlive/2013/texmf-dist/tex/latex/float/float.sty
Package: float 2001/11/08 v1.3d Float enhancements (AL)
\c@float@type=\count108
\float@exts=\toks23
\float@box=\box47
\@float@everytoks=\toks24
\@floatcapt=\box48
) (./report.aux)
\openout1 = `report.aux'.

LaTeX Font Info:    Checking defaults for OML/cmm/m/it on input line 12.
LaTeX Font Info:    ... okay on input line 12.
LaTeX Font Info:    Checking defaults for T1/cmr/m/n on input line 12.
LaTeX Font Info:    ... okay on input line 12.
LaTeX Font Info:    Checking defaults for OT1/cmr/m/n on input line 12.
LaTeX Font Info:    ... okay on input line 12.
LaTeX Font Info:    Checking defaults for OMS/cmsy/m/n on input line 12.
LaTeX Font Info:    ... okay on input line 12.
LaTeX Font Info:    Checking defaults for OMX/cmex/m/n on input line 12.
LaTeX Font Info:    ... okay on input line 12.
LaTeX Font Info:    Checking defaults for U/cmr/m/n on input line 12.
LaTeX Font Info:    ... okay on input line 12.
LaTeX Font Info:    Checking defaults for JY1/mc/m/n on input line 12.
LaTeX Font Info:    ... okay on input line 12.
LaTeX Font Info:    Checking defaults for JT1/mc/m/n on input line 12.
LaTeX Font Info:    ... okay on input line 12.
LaTeX Font Info:    Font shape `JT1/mc/bx/n' in size <14.4> not available
(Font)              Font shape `JT1/gt/m/n' tried instead on input line 22.
LaTeX Font Info:    Font shape `JY1/mc/bx/n' in size <14.4> not available
(Font)              Font shape `JY1/gt/m/n' tried instead on input line 22.
LaTeX Font Info:    Font shape `JT1/mc/bx/n' in size <12> not available
(Font)              Font shape `JT1/gt/m/n' tried instead on input line 28.
LaTeX Font Info:    Font shape `JY1/mc/bx/n' in size <12> not available
(Font)              Font shape `JY1/gt/m/n' tried instead on input line 28.
LaTeX Font Info:    Try loading font information for OMS+cmr on input line 31.

(c:/texlive/2013/texmf-dist/tex/latex/base/omscmr.fd
File: omscmr.fd 1999/05/25 v2.5h Standard LaTeX font definitions
)
LaTeX Font Info:    Font shape `OMS/cmr/m/n' in size <10> not available
(Font)              Font shape `OMS/cmsy/m/n' tried instead on input line 31.
LaTeX Font Info:    Font shape `JT1/mc/bx/n' in size <10> not available
(Font)              Font shape `JT1/gt/m/n' tried instead on input line 43.
LaTeX Font Info:    Font shape `JY1/mc/bx/n' in size <10> not available
(Font)              Font shape `JY1/gt/m/n' tried instead on input line 43.
 [1

] [2] [3]
Overfull \hbox (11.28975pt too wide) in paragraph at lines 184--186
[]\OT1/cmr/m/n/10 (028), (026), (208), (206), (228), (226), (446), (26(12)), (4
(12)(18)), (62(12)),
 []


Overfull \hbox (43.766pt too wide) in alignment at lines 206--210
 [] [] [] [] [] [] [] 
 []


Overfull \hbox (43.766pt too wide) in alignment at lines 210--231
 [] [] [] [] [] [] [] 
 []


Underfull \vbox (badness 10000) detected at line 231
 []


Overfull \hbox (43.766pt too wide) in alignment at lines 231--235
 [] [] [] [] [] [] [] 
 []

[4]
Overfull \hbox (37.98778pt too wide) in alignment at lines 240--244
 [] [] [] [] [] [] [] 
 []


Overfull \hbox (37.98778pt too wide) in alignment at lines 244--265
 [] [] [] [] [] [] [] 
 []


Underfull \vbox (badness 10000) detected at line 265
 []


Overfull \hbox (37.98778pt too wide) in alignment at lines 265--285
 [] [] [] [] [] [] [] 
 []


Overfull \hbox (37.98778pt too wide) in alignment at lines 285--287
 [] [] [] [] [] [] [] 
 []

[5]
Overfull \hbox (79.63214pt too wide) in alignment at lines 292--296
 [] [] [] [] [] [] [] [] 
 []


Overfull \hbox (79.63214pt too wide) in alignment at lines 296--317
 [] [] [] [] [] [] [] [] 
 []


Underfull \vbox (badness 10000) detected at line 317
 []


Overfull \hbox (79.63214pt too wide) in alignment at lines 317--337
 [] [] [] [] [] [] [] [] 
 []


Overfull \hbox (79.63214pt too wide) in alignment at lines 337--343
 [] [] [] [] [] [] [] [] 
 []

[6]
Overfull \hbox (42.9878pt too wide) in alignment at lines 350--354
 [] [] [] [] [] [] [] 
 []


Overfull \hbox (42.9878pt too wide) in alignment at lines 354--375
 [] [] [] [] [] [] [] 
 []


Underfull \vbox (badness 10000) detected at line 375
 []


Overfull \hbox (42.9878pt too wide) in alignment at lines 375--377
 [] [] [] [] [] [] [] 
 []

[7]
Overfull \hbox (9.50478pt too wide) in paragraph at lines 386--387
[]\OT1/cmr/m/n/10 (5)$\OML/cmm/m/it/10 K^^K[]$ \JY1/mc/m/n/10 線の回折線から得
た格子定数から推定した 。 \OT1/cmr/m/n/10 KCl \JY1/mc/m/n/10 は \OT1/cmr/m/n/10
 6.283$\OMS/cmsy/m/n/10 ^^F$\OT1/cmr/m/n/10 0.007[\JY1/mc/m/n/10 Å\OT1/cmr/m/n
/10 ](\JY1/mc/m/n/10 標
 []


Overfull \hbox (12.76572pt too wide) in paragraph at lines 415--416
[]\OT1/cmr/m/n/10 (8)$\OML/cmm/m/it/10 K^^K[]$ \JY1/mc/m/n/10 線の回折線から得
た格子定数から推定した 。 標本数 \OT1/cmr/m/n/10 9 \JY1/mc/m/n/10 で \OT1/cmr/m
/n/10 5.431$\OMS/cmsy/m/n/10 ^^F$\OT1/cmr/m/n/10 0.001[\JY1/mc/m/n/10 Å\OT1/cm
r/m/n/10 ]
 []

[8] [9] (./report.aux) ) 
Here is how much of TeX's memory you used:
 1415 strings out of 494004
 16301 string characters out of 6157310
 119770 words of memory out of 5000000
 4896 multiletter control sequences out of 15000+600000
 14844 words of font info for 58 fonts, out of 8000000 for 9000
 745 hyphenation exceptions out of 8191
 27i,12n,20p,270b,291s stack positions out of 5000i,500n,10000p,200000b,80000s

Output written on report.dvi (9 pages, 51576 bytes).
